16/9/2024, 9:17:02 am-GET/students-{}
16/9/2024, 9:18:55 am-GET/students?name=Vikram-{}
16/9/2024, 9:19:58 am-GET/students?name=Vikram-{}
16/9/2024, 9:20:05 am-GET/students-{}
16/9/2024, 9:20:53 am-GET/students?name=vikram-{}
16/9/2024, 9:21:14 am-GET/students?name=vikram-{}
16/9/2024, 9:21:51 am-GET/students?name=Vikram-{}
16/9/2024, 9:21:55 am-GET/students-{}
16/9/2024, 9:22:22 am-GET/students-{}
16/9/2024, 9:22:29 am-GET/students?name=Vikram-{}
16/9/2024, 9:24:22 am-GET/students?name=Vikram-{}
16/9/2024, 9:24:23 am-GET/students?name=Vikram-{}
16/9/2024, 9:24:24 am-GET/students?name=Vikram-{}
16/9/2024, 9:26:19 am-GET/students?name=Vikram-{}
16/9/2024, 9:27:18 am-GET/students?name=Vikram&age=27&grade=A-{}
16/9/2024, 9:35:45 am-PUT/students/id-{"id":67,"name":"Ritesh","age":27,"grade":"A","planet":"Earth","resgisteredat":1726146949842}
16/9/2024, 9:37:35 am-PUT/students/id-{"id":67,"name":"Ritesh","age":27,"grade":"A","planet":"Earth","resgisteredat":1726146949842}
16/9/2024, 9:39:10 am-PUT/students/id-{"id":67,"name":"Ritesh","age":27,"grade":"A","planet":"Earth","resgisteredat":1726146949842}
16/9/2024, 9:39:41 am-PUT/students/67-{"id":67,"name":"Ritesh","age":27,"grade":"A","planet":"Earth","resgisteredat":1726146949842}
16/9/2024, 2:47:32 pm-POST/schools-{"school_name":"Galactic High","school_address":"123 Space St, Mars"}
16/9/2024, 2:51:47 pm-POST/schools-{"school_name":"Galactic High","school_address":"123 Space St, Mars"}
16/9/2024, 2:55:28 pm-GET/schools-{"school_name":"Galactic High","school_address":"123 Space St, Mars"}
16/9/2024, 2:56:00 pm-GET/schools-{"school_name":"Galactic High","school_address":"123 Space St, Mars"}
16/9/2024, 3:07:15 pm-GET/admins-{"school_name":"Galactic High","school_address":"123 Space St, Mars"}
16/9/2024, 3:08:37 pm-POST/admins-{"admin_name":"Rohit","admin_email":"rohit@galactic.edu","school_id":1}
16/9/2024, 3:08:40 pm-GET/admins-{"admin_name":"Rohit","admin_email":"rohit@galactic.edu","school_id":1}
16/9/2024, 3:11:04 pm-GET/admins-{"admin_name":"Rohit","admin_email":"rohit@galactic.edu","school_id":1}
16/9/2024, 3:11:47 pm-POST/admins-{"admin_name":"Jaadu","admin_email":"jaadu@interstellar.com","school_id":2}
16/9/2024, 3:11:50 pm-GET/admins-{"admin_name":"Jaadu","admin_email":"jaadu@interstellar.com","school_id":2}
16/9/2024, 3:12:18 pm-GET/admins-{"admin_name":"Jaadu","admin_email":"jaadu@interstellar.com","school_id":2}
16/9/2024, 3:12:57 pm-GET/admins-{"admin_name":"Jaadu","admin_email":"jaadu@interstellar.com","school_id":2}
16/9/2024, 3:13:10 pm-GET/admins-{"admin_name":"Jaadu","admin_email":"jaadu@interstellar.com","school_id":2}
16/9/2024, 3:41:36 pm-POST/students-{"student_id":"1","student_name":"Rakesh","student_age":12,"grade":7,"school_id":1}
16/9/2024, 3:42:16 pm-POST/students-{"student_id":"1","student_name":"Rakesh","student_age":12,"grade":7,"school_id":1}
16/9/2024, 3:42:57 pm-POST/students-{"student_id":"1","student_name":"Rakesh","student_age":12,"grade":7,"school_id":1}
16/9/2024, 3:43:06 pm-POST/students-{"student_id":"1","student_name":"Rakesh","student_age":12,"grade":7,"school_id":1}
16/9/2024, 3:44:14 pm-POST/students-{"student_id":"1","student_name":"Rakesh","student_age":12,"grade":7,"school_id":1}
16/9/2024, 3:44:15 pm-POST/students-{"student_id":"1","student_name":"Rakesh","student_age":12,"grade":7,"school_id":1}
16/9/2024, 3:44:15 pm-POST/students-{"student_id":"1","student_name":"Rakesh","student_age":12,"grade":7,"school_id":1}
16/9/2024, 3:44:16 pm-POST/students-{"student_id":"1","student_name":"Rakesh","student_age":12,"grade":7,"school_id":1}
16/9/2024, 3:44:16 pm-POST/students-{"student_id":"1","student_name":"Rakesh","student_age":12,"grade":7,"school_id":1}
16/9/2024, 3:44:16 pm-POST/students-{"student_id":"1","student_name":"Rakesh","student_age":12,"grade":7,"school_id":1}
16/9/2024, 3:44:16 pm-POST/students-{"student_id":"1","student_name":"Rakesh","student_age":12,"grade":7,"school_id":1}
16/9/2024, 3:44:19 pm-POST/students-{"student_id":"1","student_name":"Rakesh","student_age":12,"grade":7,"school_id":1}
16/9/2024, 3:44:20 pm-POST/students-{"student_id":"1","student_name":"Rakesh","student_age":12,"grade":7,"school_id":1}
16/9/2024, 3:45:23 pm-POST/students-{"student_id":1,"student_name":"Rakesh","student_age":12,"grade":7,"school_id":1}
16/9/2024, 3:47:02 pm-POST/students-{"student_id":1,"student_name":"Rakesh","student_age":12,"grade":7,"school_id":1}
16/9/2024, 3:47:13 pm-POST/students-{"student_id":1,"student_name":"Rakesh","student_age":12,"grade":7,"school_id":1}
16/9/2024, 3:47:53 pm-POST/students-{"student_id":2,"student_name":"Aarav","student_age":13,"grade":8,"school_id":2}
16/9/2024, 3:49:37 pm-GET/students-{"student_id":2,"student_name":"Aarav","student_age":13,"grade":8,"school_id":2}
16/9/2024, 3:54:45 pm-PUT/students/66e805d16780f9614431dc08-{"_id":"66e805d16780f9614431dc08","student_id":2,"student_name":"Vikram","student_age":13,"grade":8,"school_id":2,"createdAt":"2024-09-16T10:17:54.000Z","updatedAt":"2024-09-16T10:17:54.000Z"}
16/9/2024, 3:54:52 pm-GET/students-{"_id":"66e805d16780f9614431dc08","student_id":2,"student_name":"Vikram","student_age":13,"grade":8,"school_id":2,"createdAt":"2024-09-16T10:17:54.000Z","updatedAt":"2024-09-16T10:17:54.000Z"}
16/9/2024, 3:57:25 pm-DELETE/students/66e805d16780f9614431dc08-{"_id":"66e805d16780f9614431dc08","student_id":2,"student_name":"Vikram","student_age":13,"grade":8,"school_id":2,"createdAt":"2024-09-16T10:17:54.000Z","updatedAt":"2024-09-16T10:17:54.000Z"}
16/9/2024, 3:57:30 pm-GET/students-{"_id":"66e805d16780f9614431dc08","student_id":2,"student_name":"Vikram","student_age":13,"grade":8,"school_id":2,"createdAt":"2024-09-16T10:17:54.000Z","updatedAt":"2024-09-16T10:17:54.000Z"}
16/9/2024, 3:57:31 pm-GET/students-{"_id":"66e805d16780f9614431dc08","student_id":2,"student_name":"Vikram","student_age":13,"grade":8,"school_id":2,"createdAt":"2024-09-16T10:17:54.000Z","updatedAt":"2024-09-16T10:17:54.000Z"}
16/9/2024, 3:57:44 pm-POST/students-{"student_id":2,"student_name":"Vikram","student_age":13,"grade":8,"school_id":2}
16/9/2024, 3:57:47 pm-GET/students-{"student_id":2,"student_name":"Vikram","student_age":13,"grade":8,"school_id":2}
16/9/2024, 4:25:32 pm-POST/register-{"admin_email":"rohit@galactic.edu","password":"rohit"}
16/9/2024, 4:25:42 pm-POST/login-{"admin_email":"rohit@galactic.edu","password":"rohit"}
16/9/2024, 4:35:27 pm-GET/students?grade=10&sort=age&page_number=1&page_size=10-{"admin_email":"rohit@galactic.edu","password":"rohit"}
16/9/2024, 4:35:37 pm-GET/students-{"admin_email":"rohit@galactic.edu","password":"rohit"}
16/9/2024, 4:35:59 pm-GET/students?grade=8&sort=age&page_number=1&page_size=10-{"admin_email":"rohit@galactic.edu","password":"rohit"}
16/9/2024, 4:44:12 pm-GET/students-{"admin_email":"rohit@galactic.edu","password":"rohit"}
16/9/2024, 4:45:26 pm-GET/students-{"admin_email":"rohit@galactic.edu","password":"rohit"}
16/9/2024, 4:45:58 pm-POST/login-{"admin_email":"rohit@galactic.edu","password":"rohit"}
16/9/2024, 4:46:18 pm-GET/students-{"admin_email":"rohit@galactic.edu","password":"rohit"}
16/9/2024, 4:48:30 pm-GET/students-{"admin_email":"rohit@galactic.edu","password":"rohit"}
16/9/2024, 4:49:24 pm-GET/students-{"admin_email":"rohit@galactic.edu","password":"rohit"}
16/9/2024, 4:49:53 pm-GET/students-{"admin_email":"rohit@galactic.edu","password":"rohit"}
16/9/2024, 4:50:07 pm-POST/login-{"admin_email":"rohit@galactic.edu","password":"rohit"}
16/9/2024, 4:50:31 pm-POST/login-{"admin_email":"rohit@galactic.edu","password":"rohit"}
16/9/2024, 4:51:02 pm-GET/students-{"admin_email":"rohit@galactic.edu","password":"rohit"}
16/9/2024, 4:52:41 pm-GET/students-{"admin_email":"rohit@galactic.edu","password":"rohit"}
16/9/2024, 4:53:53 pm-GET/students-{"admin_email":"rohit@galactic.edu","password":"rohit"}
16/9/2024, 4:53:56 pm-GET/students-{"admin_email":"rohit@galactic.edu","password":"rohit"}
16/9/2024, 4:53:56 pm-GET/students-{"admin_email":"rohit@galactic.edu","password":"rohit"}
16/9/2024, 4:53:57 pm-GET/students-{"admin_email":"rohit@galactic.edu","password":"rohit"}
16/9/2024, 4:53:57 pm-GET/students-{"admin_email":"rohit@galactic.edu","password":"rohit"}
16/9/2024, 4:53:57 pm-GET/students-{"admin_email":"rohit@galactic.edu","password":"rohit"}
16/9/2024, 4:55:28 pm-POST/login-{"admin_email":"rohit@galactic.edu","password":"rohit"}
16/9/2024, 4:55:51 pm-GET/students-{}
16/9/2024, 4:59:20 pm-GET/students-{}
16/9/2024, 4:59:51 pm-GET/students-{}
16/9/2024, 4:59:55 pm-GET/students-{}
16/9/2024, 5:00:01 pm-GET/students-{}
16/9/2024, 5:02:27 pm-GET/students-{}
16/9/2024, 5:03:10 pm-POST/students-{"student_id":3,"student_name":"Vikki","student_age":15,"grade":10,"school_id":3}
16/9/2024, 5:03:16 pm-POST/students-{"student_id":3,"student_name":"Vikki","student_age":15,"grade":10,"school_id":3}
16/9/2024, 5:03:20 pm-GET/students-{"student_id":3,"student_name":"Vikki","student_age":15,"grade":10,"school_id":3}
22/9/2024, 10:55:35 am-POST/admin-{"admin_name":"Rohit","admin_email":"rohit@galactic.edu","admin_password":"12345","school_id":1}
22/9/2024, 10:56:09 am-POST/admins-{"admin_name":"Rohit","admin_email":"rohit@galactic.edu","admin_password":"12345","school_id":1}
22/9/2024, 10:57:13 am-POST/admins-{"admin_name":"Rohit","admin_email":"rohit@galactic.edu","admin_password":"12345","school_id":1}
22/9/2024, 10:57:19 am-GET/admins-{"admin_name":"Rohit","admin_email":"rohit@galactic.edu","admin_password":"12345","school_id":1}
22/9/2024, 10:57:59 am-POST/admins-{"admin_name":"Jaadu","admin_email":"jaadu@interstellar.com","admin_password":"12345","school_id":2}
22/9/2024, 10:58:10 am-GET/admins-{"admin_name":"Jaadu","admin_email":"jaadu@interstellar.com","admin_password":"12345","school_id":2}
22/9/2024, 11:00:17 am-POST/schools-{"school_name":"Galactic High","school_address":"123 Space St, Mars"}
22/9/2024, 11:00:34 am-GET/schools-{"school_name":"Galactic High","school_address":"123 Space St, Mars"}
22/9/2024, 11:00:58 am-POST/schools-{"school_name":"Interstellar Academy","school_address":"789 Nova Blvd, Jupiter"}
22/9/2024, 11:01:01 am-GET/schools-{"school_name":"Interstellar Academy","school_address":"789 Nova Blvd, Jupiter"}
22/9/2024, 11:06:07 am-GET/admins-{"student_id":1,"student_name":"Rakesh","student_age":12,"grade":7,"school_id":1}
22/9/2024, 11:07:45 am-POST/login-{"admin_email":"rohit@galactic.edu","admin_password":"12345"}
22/9/2024, 11:09:24 am-POST/login-{"admin_email":"rohit@galactic.edu","admin_password":"12345"}
22/9/2024, 11:09:42 am-POST/login-{"admin_email":"rohit@galactic.edu","admin_password":"12345"}
22/9/2024, 11:09:59 am-POST/login-{"admin_email":"rohit@galactic.edu","admin_password":"12345"}
22/9/2024, 11:10:49 am-POST/login-{"admin_email":"rohit@galactic.edu","admin_password":"12345"}
22/9/2024, 11:12:51 am-POST/login-{"admin_email":"rohit@galactic.edu","admin_password":"12345"}
22/9/2024, 11:15:09 am-POST/login-{"admin_email":"rohit@galactic.edu","admin_password":"12345"}
22/9/2024, 11:16:56 am-POST/students-{"student_id":1,"student_name":"Rakesh","student_age":12,"grade":7,"school_id":1}
22/9/2024, 11:17:07 am-GET/students-{"student_id":1,"student_name":"Rakesh","student_age":12,"grade":7,"school_id":1}
22/9/2024, 11:18:03 am-DELETE/students/66efaf50b4e13111c4b15e68-{"student_id":1,"student_name":"Rakesh","student_age":12,"grade":7,"school_id":1}
22/9/2024, 11:18:14 am-GET/students-{"student_id":1,"student_name":"Rakesh","student_age":12,"grade":7,"school_id":1}
22/9/2024, 11:18:44 am-PUT/students/66e805a9c630b4e593e7bac5-{"student_id":1,"student_name":"Ravi","student_age":12,"grade":7,"school_id":1}
22/9/2024, 11:18:52 am-GET/student-{"student_id":1,"student_name":"Ravi","student_age":12,"grade":7,"school_id":1}
22/9/2024, 11:18:55 am-GET/students-{"student_id":1,"student_name":"Ravi","student_age":12,"grade":7,"school_id":1}
23/9/2024, 7:58:46 am-GET/students-{"student_id":1,"student_name":"Ravi","student_age":12,"grade":7,"school_id":1}
23/9/2024, 8:02:13 am-POST/login-{"admin_email":"rohit@galactic.edu","admin_password":"12345"}
23/9/2024, 8:02:42 am-GET/students-{"admin_email":"rohit@galactic.edu","admin_password":"12345"}
23/9/2024, 8:04:19 am-POST/login-{"admin_email":"rohit@galactic.edu","admin_password":"12345"}
23/9/2024, 8:04:27 am-GET/students-{"admin_email":"rohit@galactic.edu","admin_password":"12345"}
23/9/2024, 8:56:41 am-POST/admins-{"admin_id":1,"admin_name":"Rohit","admin_email":"rohit@galactic.edu","admin_password":"12345","school_id":1}
23/9/2024, 8:56:57 am-POST/admins-{"admin_id":2,"admin_name":"Jaadu","admin_email":"jaadu@interstellar.com","admin_password":"12345","school_id":2}
23/9/2024, 8:58:56 am-GET/admins-{"admin_id":2,"admin_name":"Jaadu","admin_email":"jaadu@interstellar.com","admin_password":"12345","school_id":2}
23/9/2024, 8:59:13 am-GET/students-{"admin_id":2,"admin_name":"Jaadu","admin_email":"jaadu@interstellar.com","admin_password":"12345","school_id":2}
23/9/2024, 8:59:22 am-POST/login-{"admin_id":2,"admin_name":"Jaadu","admin_email":"jaadu@interstellar.com","admin_password":"12345","school_id":2}
23/9/2024, 8:59:43 am-GET/students-{"admin_id":2,"admin_name":"Jaadu","admin_email":"jaadu@interstellar.com","admin_password":"12345","school_id":2}
23/9/2024, 9:00:47 am-POST/students-{"student_id":1,"student_name":"Ravi","student_age":12,"grade":7,"school_id":1}
23/9/2024, 9:01:09 am-POST/students-{"student_id":2,"student_name":"Vikram","student_age":13,"grade":8,"school_id":2}
23/9/2024, 9:01:29 am-POST/students-{"student_id":3,"student_name":"Vikki","student_age":15,"grade":10,"school_id":3}
23/9/2024, 9:01:32 am-GET/students-{"student_id":3,"student_name":"Vikki","student_age":15,"grade":10,"school_id":3}
23/9/2024, 9:01:46 am-GET/schools-{"student_id":3,"student_name":"Vikki","student_age":15,"grade":10,"school_id":3}
23/9/2024, 9:02:29 am-POST/schools-{"school_id":1,"school_name":"Galactic High","school_address":"123 Space St, Mars"}
23/9/2024, 9:02:44 am-POST/schools-{"school_id":2,"school_name":"Interstellar Academy","school_address":"789 Nova Blvd, Jupiter"}
23/9/2024, 9:02:46 am-GET/schools-{"school_id":2,"school_name":"Interstellar Academy","school_address":"789 Nova Blvd, Jupiter"}
